# STRP x UNLOCKER v1.2
- Converted To Bash Script Menu !
- Executable With 'su -c UNLOCKER' !
- Added New Games > More Coming !
---------
### Games List ...
- CODM 120 FPS Settings ONLY ULTRA FPS!
- PUBGM 90 FPS Settings ALL Versions!
- ML Max Settings!
- Game For Peace 90 FPS Settings!
- LifeAfter 120 FPS Settings!
- Super Clone 120 FPS Settings!
- HDR EXTREME + FPS PUBGM + BGMI ALL Versions!
- DEAD TRIGGER 2 EXTREME FPS!
- League Of Legends - 120FP!
- Arena Of Valor FPS!
- SMOOTH 90FPS PUBGM + BGMI ALL Versions!
- SMOOTH 90FPS ASPHALT 9!
- SMOOTH 90FPS DEAD TRIGGER 2!
- UNLOCK CODM EXTREME GRAPHIC!
- FORTNITE FPS UNLOCK!
---------
### Features Added
- Added Abbility To Update Module Over Magisk Further Updates!
- Added Abbility To See Current Unlocked Game Into Ur Magisk Module List > On Description Of STRPxUNLOCKER!
---------
